Determining if the pthread_create exist failed with the following output:
Change Dir: /faceapi/CMakeFiles/CMakeTmp

Run Build Command:"/usr/bin/make" "cmTC_07060/fast"
/usr/bin/make -f CMakeFiles/cmTC_07060.dir/build.make CMakeFiles/cmTC_07060.dir/build
make[1]: Entering directory '/faceapi/CMakeFiles/CMakeTmp'
Building C object CMakeFiles/cmTC_07060.dir/CheckSymbolExists.c.o
/usr/bin/cc    -o CMakeFiles/cmTC_07060.dir/CheckSymbolExists.c.o   -c /faceapi/CMakeFiles/CMakeTmp/CheckSymbolExists.c
Linking C executable cmTC_07060
/usr/bin/cmake -E cmake_link_script CMakeFiles/cmTC_07060.dir/link.txt --verbose=1
/usr/bin/cc      CMakeFiles/cmTC_07060.dir/CheckSymbolExists.c.o  -o cmTC_07060 
CMakeFiles/cmTC_07060.dir/CheckSymbolExists.c.o: In function `main':
CheckSymbolExists.c:(.text+0x1b): undefined reference to `pthread_create'
collect2: error: ld returned 1 exit status
CMakeFiles/cmTC_07060.dir/build.make:97: recipe for target 'cmTC_07060' failed
make[1]: *** [cmTC_07060] Error 1
make[1]: Leaving directory '/faceapi/CMakeFiles/CMakeTmp'
Makefile:126: recipe for target 'cmTC_07060/fast' failed
make: *** [cmTC_07060/fast] Error 2

File /faceapi/CMakeFiles/CMakeTmp/CheckSymbolExists.c:
/* */
#include <pthread.h>

int main(int argc, char** argv)
{
  (void)argv;
#ifndef pthread_create
  return ((int*)(&pthread_create))[argc];
#else
  (void)argc;
  return 0;
#endif
}

Determining if the function pthread_create exists in the pthreads failed with the following output:
Change Dir: /faceapi/CMakeFiles/CMakeTmp

Run Build Command:"/usr/bin/make" "cmTC_39af3/fast"
/usr/bin/make -f CMakeFiles/cmTC_39af3.dir/build.make CMakeFiles/cmTC_39af3.dir/build
make[1]: Entering directory '/faceapi/CMakeFiles/CMakeTmp'
Building C object CMakeFiles/cmTC_39af3.dir/CheckFunctionExists.c.o
/usr/bin/cc   -DCHECK_FUNCTION_EXISTS=pthread_create   -o CMakeFiles/cmTC_39af3.dir/CheckFunctionExists.c.o   -c /usr/share/cmake-3.10/Modules/CheckFunctionExists.c
Linking C executable cmTC_39af3
/usr/bin/cmake -E cmake_link_script CMakeFiles/cmTC_39af3.dir/link.txt --verbose=1
/usr/bin/cc  -DCHECK_FUNCTION_EXISTS=pthread_create    CMakeFiles/cmTC_39af3.dir/CheckFunctionExists.c.o  -o cmTC_39af3 -lpthreads 
/usr/bin/ld: cannot find -lpthreads
collect2: error: ld returned 1 exit status
CMakeFiles/cmTC_39af3.dir/build.make:97: recipe for target 'cmTC_39af3' failed
make[1]: *** [cmTC_39af3] Error 1
make[1]: Leaving directory '/faceapi/CMakeFiles/CMakeTmp'
Makefile:126: recipe for target 'cmTC_39af3/fast' failed
make: *** [cmTC_39af3/fast] Error 2


